ERROR - 2022-04-23 13:12:48 --> Error connecting to the database: php_network_getaddresses: getaddrinfo failed: Name or service not known
CRITICAL - 2022-04-23 13:12:48 --> Unable to connect to the database.
Main connection [MySQLi]: php_network_getaddresses: getaddrinfo failed: Name or service not known
#0 /app/myapp/system/Database/BaseConnection.php(577): CodeIgniter\Database\BaseConnection->initialize()
#1 /app/myapp/system/Database/BaseBuilder.php(1455): CodeIgniter\Database\BaseConnection->query()
#2 /app/myapp/app/Models/UsuarioModel.php(46): CodeIgniter\Database\BaseBuilder->get()
#3 /app/myapp/app/Controllers/LoginLogOutController.php(42): App\Models\UsuarioModel->usuarioPorCorreo()
#4 /app/myapp/system/CodeIgniter.php(832): App\Controllers\LoginLogOutController->login02Validar()
#5 /app/myapp/system/CodeIgniter.php(419): CodeIgniter\CodeIgniter->runController()
#6 /app/myapp/system/CodeIgniter.php(326): CodeIgniter\CodeIgniter->handleRequest()
#7 /app/myapp/public/index.php(37): CodeIgniter\CodeIgniter->run()
#8 {main}
ERROR - 2022-04-23 13:14:13 --> Error connecting to the database: php_network_getaddresses: getaddrinfo failed: Name or service not known
CRITICAL - 2022-04-23 13:14:13 --> Unable to connect to the database.
Main connection [MySQLi]: php_network_getaddresses: getaddrinfo failed: Name or service not known
#0 /app/myapp/system/Database/BaseConnection.php(577): CodeIgniter\Database\BaseConnection->initialize()
#1 /app/myapp/system/Database/BaseBuilder.php(1771): CodeIgniter\Database\BaseConnection->query()
#2 /app/myapp/system/Model.php(239): CodeIgniter\Database\BaseBuilder->insert()
#3 /app/myapp/system/BaseModel.php(738): CodeIgniter\Model->doInsert()
#4 /app/myapp/system/Model.php(625): CodeIgniter\BaseModel->insert()
#5 /app/myapp/system/BaseModel.php(658): CodeIgniter\Model->insert()
#6 /app/myapp/app/Controllers/RegistroMascotaCrud.php(55): CodeIgniter\BaseModel->save()
#7 /app/myapp/system/CodeIgniter.php(832): App\Controllers\registroMascotaCrud->agregar02Mascota()
#8 /app/myapp/system/CodeIgniter.php(419): CodeIgniter\CodeIgniter->runController()
#9 /app/myapp/system/CodeIgniter.php(326): CodeIgniter\CodeIgniter->handleRequest()
#10 /app/myapp/public/index.php(37): CodeIgniter\CodeIgniter->run()
#11 {main}
ERROR - 2022-04-23 13:24:39 --> Error connecting to the database: php_network_getaddresses: getaddrinfo failed: Name or service not known
CRITICAL - 2022-04-23 13:24:39 --> Unable to connect to the database.
Main connection [MySQLi]: php_network_getaddresses: getaddrinfo failed: Name or service not known
#0 /app/myapp/system/Database/BaseConnection.php(577): CodeIgniter\Database\BaseConnection->initialize()
#1 /app/myapp/system/Database/BaseBuilder.php(1771): CodeIgniter\Database\BaseConnection->query()
#2 /app/myapp/system/Model.php(239): CodeIgniter\Database\BaseBuilder->insert()
#3 /app/myapp/system/BaseModel.php(738): CodeIgniter\Model->doInsert()
#4 /app/myapp/system/Model.php(625): CodeIgniter\BaseModel->insert()
#5 /app/myapp/system/BaseModel.php(658): CodeIgniter\Model->insert()
#6 /app/myapp/app/Controllers/RegistroMascotaCrud.php(55): CodeIgniter\BaseModel->save()
#7 /app/myapp/system/CodeIgniter.php(832): App\Controllers\registroMascotaCrud->agregar02Mascota()
#8 /app/myapp/system/CodeIgniter.php(419): CodeIgniter\CodeIgniter->runController()
#9 /app/myapp/system/CodeIgniter.php(326): CodeIgniter\CodeIgniter->handleRequest()
#10 /app/myapp/public/index.php(37): CodeIgniter\CodeIgniter->run()
#11 {main}
ERROR - 2022-04-23 13:25:17 --> Error connecting to the database: php_network_getaddresses: getaddrinfo failed: Name or service not known
CRITICAL - 2022-04-23 13:25:17 --> Unable to connect to the database.
Main connection [MySQLi]: php_network_getaddresses: getaddrinfo failed: Name or service not known
#0 /app/myapp/system/Database/BaseConnection.php(577): CodeIgniter\Database\BaseConnection->initialize()
#1 /app/myapp/system/Database/BaseBuilder.php(1455): CodeIgniter\Database\BaseConnection->query()
#2 /app/myapp/app/Models/UsuarioModel.php(46): CodeIgniter\Database\BaseBuilder->get()
#3 /app/myapp/app/Controllers/LoginLogOutController.php(42): App\Models\UsuarioModel->usuarioPorCorreo()
#4 /app/myapp/system/CodeIgniter.php(832): App\Controllers\LoginLogOutController->login02Validar()
#5 /app/myapp/system/CodeIgniter.php(419): CodeIgniter\CodeIgniter->runController()
#6 /app/myapp/system/CodeIgniter.php(326): CodeIgniter\CodeIgniter->handleRequest()
#7 /app/myapp/public/index.php(37): CodeIgniter\CodeIgniter->run()
#8 {main}
