ERROR - 2022-04-25 21:07:08 --> Error connecting to the database: Access denied for user '****'@'172.18.0.3' (using password: YES)
CRITICAL - 2022-04-25 21:07:09 --> Unable to connect to the database.
Main connection [MySQLi]: Access denied for user '****'@'172.18.0.3' (using password: YES)
#0 /app/myapp/system/Database/BaseConnection.php(577): CodeIgniter\Database\BaseConnection->initialize()
#1 /app/myapp/system/Database/BaseBuilder.php(1455): CodeIgniter\Database\BaseConnection->query()
#2 /app/myapp/app/Models/UsuarioModel.php(46): CodeIgniter\Database\BaseBuilder->get()
#3 /app/myapp/app/Controllers/LoginLogOutController.php(42): App\Models\UsuarioModel->usuarioPorCorreo()
#4 /app/myapp/system/CodeIgniter.php(832): App\Controllers\LoginLogOutController->login02Validar()
#5 /app/myapp/system/CodeIgniter.php(419): CodeIgniter\CodeIgniter->runController()
#6 /app/myapp/system/CodeIgniter.php(326): CodeIgniter\CodeIgniter->handleRequest()
#7 /app/myapp/public/index.php(37): CodeIgniter\CodeIgniter->run()
#8 {main}
CRITICAL - 2022-04-25 22:04:58 --> There is no data to insert.
#0 /app/myapp/system/BaseModel.php(718): CodeIgniter\Database\Exceptions\DataException::forEmptyDataset()
#1 /app/myapp/system/Model.php(625): CodeIgniter\BaseModel->insert()
#2 /app/myapp/system/BaseModel.php(658): CodeIgniter\Model->insert()
#3 /app/myapp/app/Controllers/RegistroMascotaCrud.php(58): CodeIgniter\BaseModel->save()
#4 /app/myapp/system/CodeIgniter.php(832): App\Controllers\registroMascotaCrud->agregar02Mascota()
#5 /app/myapp/system/CodeIgniter.php(419): CodeIgniter\CodeIgniter->runController()
#6 /app/myapp/system/CodeIgniter.php(326): CodeIgniter\CodeIgniter->handleRequest()
#7 /app/myapp/public/index.php(37): CodeIgniter\CodeIgniter->run()
#8 {main}
CRITICAL - 2022-04-25 22:06:33 --> There is no data to insert.
#0 /app/myapp/system/BaseModel.php(718): CodeIgniter\Database\Exceptions\DataException::forEmptyDataset()
#1 /app/myapp/system/Model.php(625): CodeIgniter\BaseModel->insert()
#2 /app/myapp/system/BaseModel.php(658): CodeIgniter\Model->insert()
#3 /app/myapp/app/Controllers/RegistroMascotaCrud.php(58): CodeIgniter\BaseModel->save()
#4 /app/myapp/system/CodeIgniter.php(832): App\Controllers\registroMascotaCrud->agregar02Mascota()
#5 /app/myapp/system/CodeIgniter.php(419): CodeIgniter\CodeIgniter->runController()
#6 /app/myapp/system/CodeIgniter.php(326): CodeIgniter\CodeIgniter->handleRequest()
#7 /app/myapp/public/index.php(37): CodeIgniter\CodeIgniter->run()
#8 {main}
ERROR - 2022-04-25 22:18:24 --> Column 'usuario_telefono1' cannot be null
